<?xml version="1.0" encoding="UTF-8"?>
<robot generator="Robot 3.1.2 (Python 3.7.7 on win32)" generated="20200514 11:48:16.456" rpa="false">
<suite id="s1" name="Twitter" source="C:\Users\win7\git\twitterautomation\twitter">
<suite id="s1-s1" name="Testcase" source="C:\Users\win7\git\twitterautomation\twitter\Testcase">
<suite id="s1-s1-s1" name="Komentar" source="C:\Users\win7\git\twitterautomation\twitter\Testcase\komentar.robot">
<test id="s1-s1-s1-t1" name="cobakomentar">
<kw name="Login" library="resources">
<kw name="Open Browser" library="SeleniumLibrary">
<doc>Opens a new browser instance to the optional ``url``.</doc>
<arguments>
<arg>${URL}</arg>
<arg>${Browser}</arg>
</arguments>
<msg timestamp="20200514 11:48:16.967" level="INFO">Opening browser 'Firefox' to base url 'https://twitter.com/explore'.</msg>
<msg timestamp="20200514 11:48:16.976" level="INFO">Firefox driver log is always forced to to: C:\Users\win7\git\twitterautomation\twitter\geckodriver-80.log</msg>
<status status="PASS" starttime="20200514 11:48:16.966" endtime="20200514 11:48:34.007"></status>
</kw>
<kw name="Click Element" library="SeleniumLibrary">
<doc>Click the element identified by ``locator``.</doc>
<arguments>
<arg>xpath=/html/body/div[1]/div/div/div[2]/header/div[2]/div[1]/div/div[2]/div[1]/div[1]/a/div</arg>
</arguments>
<msg timestamp="20200514 11:48:34.010" level="INFO">Clicking element 'xpath=/html/body/div[1]/div/div/div[2]/header/div[2]/div[1]/div/div[2]/div[1]/div[1]/a/div'.</msg>
<status status="PASS" starttime="20200514 11:48:34.008" endtime="20200514 11:48:34.401"></status>
</kw>
<kw name="Set Browser Implicit Wait" library="SeleniumLibrary">
<doc>Sets the implicit wait value used by Selenium.</doc>
<arguments>
<arg>5</arg>
</arguments>
<status status="PASS" starttime="20200514 11:48:34.402" endtime="20200514 11:48:34.407"></status>
</kw>
<kw name="Input Text" library="SeleniumLibrary">
<doc>Types the given ``text`` into the text field identified by ``locator``.</doc>
<arguments>
<arg>xpath=/html/body/div[1]/div/div/div[2]/main/div/div/form/div/div[1]/label/div/div[2]/div/input</arg>
<arg>@{CREDENTIALS}[0]</arg>
</arguments>
<msg timestamp="20200514 11:48:34.409" level="INFO">Typing text 'belajarautomation@gmail.com' into text field 'xpath=/html/body/div[1]/div/div/div[2]/main/div/div/form/div/div[1]/label/div/div[2]/div/input'.</msg>
<status status="PASS" starttime="20200514 11:48:34.408" endtime="20200514 11:48:35.162"></status>
</kw>
<kw name="Input Text" library="SeleniumLibrary">
<doc>Types the given ``text`` into the text field identified by ``locator``.</doc>
<arguments>
<arg>xpath=/html/body/div[1]/div/div/div[2]/main/div/div/form/div/div[2]/label/div/div[2]/div/input</arg>
<arg>&amp;{LOGINDATA}[pass]</arg>
</arguments>
<msg timestamp="20200514 11:48:35.164" level="INFO">Typing text 'kjkszpj123456' into text field 'xpath=/html/body/div[1]/div/div/div[2]/main/div/div/form/div/div[2]/label/div/div[2]/div/input'.</msg>
<status status="PASS" starttime="20200514 11:48:35.163" endtime="20200514 11:48:35.440"></status>
</kw>
<kw name="Set Browser Implicit Wait" library="SeleniumLibrary">
<doc>Sets the implicit wait value used by Selenium.</doc>
<arguments>
<arg>5</arg>
</arguments>
<status status="PASS" starttime="20200514 11:48:35.441" endtime="20200514 11:48:35.447"></status>
</kw>
<kw name="Click Element" library="SeleniumLibrary">
<doc>Click the element identified by ``locator``.</doc>
<arguments>
<arg>xpath=/html/body/div[1]/div/div/div[2]/main/div/div/form/div/div[3]/div/div</arg>
</arguments>
<msg timestamp="20200514 11:48:35.451" level="INFO">Clicking element 'xpath=/html/body/div[1]/div/div/div[2]/main/div/div/form/div/div[3]/div/div'.</msg>
<status status="PASS" starttime="20200514 11:48:35.450" endtime="20200514 11:48:38.182"></status>
</kw>
<kw name="Set Browser Implicit Wait" library="SeleniumLibrary">
<doc>Sets the implicit wait value used by Selenium.</doc>
<arguments>
<arg>5</arg>
</arguments>
<status status="PASS" starttime="20200514 11:48:38.183" endtime="20200514 11:48:38.188"></status>
</kw>
<status status="PASS" starttime="20200514 11:48:16.965" endtime="20200514 11:48:38.188"></status>
</kw>
<kw name="Set Browser Implicit Wait" library="SeleniumLibrary">
<doc>Sets the implicit wait value used by Selenium.</doc>
<arguments>
<arg>5</arg>
</arguments>
<status status="PASS" starttime="20200514 11:48:38.189" endtime="20200514 11:48:38.196"></status>
</kw>
<kw name="komentar" library="resources">
<kw name="Generate Random String" library="String">
<doc>Generates a string with a desired ``length`` from the given ``chars``.</doc>
<arguments>
<arg>10</arg>
<arg>[LETTERS]</arg>
</arguments>
<assign>
<var>${RANTXT}</var>
</assign>
<msg timestamp="20200514 11:48:38.199" level="INFO">${RANTXT} = zNUsRMtlrU</msg>
<status status="PASS" starttime="20200514 11:48:38.198" endtime="20200514 11:48:38.199"></status>
</kw>
<kw name="Set Browser Implicit Wait" library="SeleniumLibrary">
<doc>Sets the implicit wait value used by Selenium.</doc>
<arguments>
<arg>5</arg>
</arguments>
<status status="PASS" starttime="20200514 11:48:38.199" endtime="20200514 11:48:38.212"></status>
</kw>
<kw name="Click Element" library="SeleniumLibrary">
<doc>Click the element identified by ``locator``.</doc>
<arguments>
<arg>xpath=/html/body/div[1]/div/div/div[2]/header/div/div/div/div[1]/div[3]/a/div</arg>
</arguments>
<msg timestamp="20200514 11:48:38.213" level="INFO">Clicking element 'xpath=/html/body/div[1]/div/div/div[2]/header/div/div/div/div[1]/div[3]/a/div'.</msg>
<kw name="Capture Page Screenshot" library="SeleniumLibrary">
<doc>Takes a screenshot of the current page and embeds it into a log file.</doc>
<msg timestamp="20200514 11:48:43.439" level="INFO" html="yes">&lt;/td&gt;&lt;/tr&gt;&lt;tr&gt;&lt;td colspan="3"&gt;&lt;a href="selenium-screenshot-48.png"&gt;&lt;img src="selenium-screenshot-48.png" width="800px"&gt;&lt;/a&gt;</msg>
<status status="PASS" starttime="20200514 11:48:43.230" endtime="20200514 11:48:43.439"></status>
</kw>
<msg timestamp="20200514 11:48:43.447" level="FAIL">Element with locator 'xpath=/html/body/div[1]/div/div/div[2]/header/div/div/div/div[1]/div[3]/a/div' not found.</msg>
<status status="FAIL" starttime="20200514 11:48:38.212" endtime="20200514 11:48:43.448"></status>
</kw>
<status status="FAIL" starttime="20200514 11:48:38.197" endtime="20200514 11:48:43.449"></status>
</kw>
<status status="FAIL" starttime="20200514 11:48:16.963" endtime="20200514 11:48:43.450" critical="yes">Element with locator 'xpath=/html/body/div[1]/div/div/div[2]/header/div/div/div/div[1]/div[3]/a/div' not found.</status>
</test>
<status status="FAIL" starttime="20200514 11:48:16.551" endtime="20200514 11:48:43.453"></status>
</suite>
<status status="FAIL" starttime="20200514 11:48:16.547" endtime="20200514 11:48:43.460"></status>
</suite>
<status status="FAIL" starttime="20200514 11:48:16.508" endtime="20200514 11:48:43.464"></status>
</suite>
<statistics>
<total>
<stat pass="0" fail="1">Critical Tests</stat>
<stat pass="0" fail="1">All Tests</stat>
</total>
<tag>
</tag>
<suite>
<stat pass="0" fail="1" id="s1" name="Twitter">Twitter</stat>
<stat pass="0" fail="1" id="s1-s1" name="Testcase">Twitter.Testcase</stat>
<stat pass="0" fail="1" id="s1-s1-s1" name="Komentar">Twitter.Testcase.Komentar</stat>
</suite>
</statistics>
<errors>
</errors>
</robot>
